app/build/outputs/logs/manifest-merger-debug-report.txt
-- Merging decision tree log ---
manifest
ADDED from src/main/AndroidManifest.xml:2:1-64:12
	package
		ADDED from src/main/AndroidManifest.xml:3:5-46
		INJECTED from src/main/AndroidManifest.xml
		INJECTED from src/main/AndroidManifest.xml
	android:versionName
		INJECTED from src/main/AndroidManifest.xml
		INJECTED from src/main/AndroidManifest.xml
	xmlns:android
		ADDED from src/main/AndroidManifest.xml:2:11-69
	android:versionCode
		INJECTED from src/main/AndroidManifest.xml
		INJECTED from src/main/AndroidManifest.xml
uses-permission#android.permission.INTERNET
ADDED from src/main/AndroidManifest.xml:5:5-67
	android:name
		ADDED from src/main/AndroidManifest.xml:5:22-64
application
ADDED from src/main/AndroidManifest.xml:7:5-62:19
MERGED from [com.android.support:appcompat-v7:23.0.1] AndroidManifest.xml:22:5-20
MERGED from [com.android.support:support-v4:23.0.1] AndroidManifest.xml:22:5-20
MERGED from [com.android.support:support-v4:23.0.1] AndroidManifest.xml:22:5-20
MERGED from [com.github.johnpersano:supertoasts:1.3.4] AndroidManifest.xml:5:5-19
	android:label
		ADDED from src/main/AndroidManifest.xml:10:9-41
	android:supportsRtl
		ADDED from src/main/AndroidManifest.xml:11:9-35
	android:allowBackup
		ADDED from src/main/AndroidManifest.xml:8:9-35
	android:icon
		ADDED from src/main/AndroidManifest.xml:9:9-43
	android:theme
		ADDED from src/main/AndroidManifest.xml:12:9-40
activity#amrasabic.bitcamp.ba.bitbooking.activity.SignInActivity
ADDED from src/main/AndroidManifest.xml:14:9-20:20
	android:name
		ADDED from src/main/AndroidManifest.xml:14:19-58
intent-filter#android.intent.action.MAIN+android.intent.category.LAUNCHER
ADDED from src/main/AndroidManifest.xml:15:13-19:29
action#android.intent.action.MAIN
ADDED from src/main/AndroidManifest.xml:16:17-69
	android:name
		ADDED from src/main/AndroidManifest.xml:16:25-66
category#android.intent.category.LAUNCHER
ADDED from src/main/AndroidManifest.xml:18:17-77
	android:name
		ADDED from src/main/AndroidManifest.xml:18:27-74
activity#amrasabic.bitcamp.ba.bitbooking.activity.SignUpActivity
ADDED from src/main/AndroidManifest.xml:22:9-28:20
	android:name
		ADDED from src/main/AndroidManifest.xml:22:19-58
intent-filter#android.intent.action.SIGNUP+android.intent.category.DEFAULT
ADDED from src/main/AndroidManifest.xml:23:13-27:29
action#android.intent.action.SIGNUP
ADDED from src/main/AndroidManifest.xml:24:17-71
	android:name
		ADDED from src/main/AndroidManifest.xml:24:25-68
category#android.intent.category.DEFAULT
ADDED from src/main/AndroidManifest.xml:26:17-76
	android:name
		ADDED from src/main/AndroidManifest.xml:26:27-73
activity#amrasabic.bitcamp.ba.bitbooking.activity.HotelActivity
ADDED from src/main/AndroidManifest.xml:30:9-36:20
	android:name
		ADDED from src/main/AndroidManifest.xml:30:19-57
intent-filter#android.intent.action.BOOKING+android.intent.category.DEFAULT
ADDED from src/main/AndroidManifest.xml:31:13-35:29
action#android.intent.action.BOOKING
ADDED from src/main/AndroidManifest.xml:32:17-72
	android:name
		ADDED from src/main/AndroidManifest.xml:32:25-69
activity#amrasabic.bitcamp.ba.bitbooking.activity.RoomActivity
ADDED from src/main/AndroidManifest.xml:38:9-44:20
	android:name
		ADDED from src/main/AndroidManifest.xml:38:19-56
intent-filter#android.intent.action.ROOMS+android.intent.category.DEFAULT
ADDED from src/main/AndroidManifest.xml:39:13-43:29
action#android.intent.action.ROOMS
ADDED from src/main/AndroidManifest.xml:40:17-70
	android:name
		ADDED from src/main/AndroidManifest.xml:40:25-67
activity#amrasabic.bitcamp.ba.bitbooking.activity.ReservationActivity
ADDED from src/main/AndroidManifest.xml:46:9-52:20
	android:name
		ADDED from src/main/AndroidManifest.xml:46:19-63
intent-filter#android.intent.action.DATEPICKER+android.intent.category.DEFAULT
ADDED from src/main/AndroidManifest.xml:47:13-51:29
action#android.intent.action.DATEPICKER
ADDED from src/main/AndroidManifest.xml:48:17-75
	android:name
		ADDED from src/main/AndroidManifest.xml:48:25-72
activity#amrasabic.bitcamp.ba.bitbooking.activity.PayPalActivity
ADDED from src/main/AndroidManifest.xml:54:9-60:20
	android:name
		ADDED from src/main/AndroidManifest.xml:54:19-58
intent-filter#android.intent.action.PAYPAL+android.intent.category.DEFAULT
ADDED from src/main/AndroidManifest.xml:55:13-59:29
action#android.intent.action.PAYPAL
ADDED from src/main/AndroidManifest.xml:56:17-71
	android:name
		ADDED from src/main/AndroidManifest.xml:56:25-68
uses-sdk
INJECTED from src/main/AndroidManifest.xml reason: use-sdk injection requested
MERGED from [com.android.support:appcompat-v7:23.0.1] AndroidManifest.xml:20:5-43
MERGED from [com.android.support:support-v4:23.0.1] AndroidManifest.xml:20:5-43
MERGED from [com.github.woxthebox:draglistview:1.1.4] AndroidManifest.xml:22:5-24:41
MERGED from [com.android.support:recyclerview-v7:22.2.0] AndroidManifest.xml:20:5-43
MERGED from [com.android.support:support-v4:23.0.1] AndroidManifest.xml:20:5-43
MERGED from [com.github.johnpersano:supertoasts:1.3.4] AndroidManifest.xml:3:5-72
	android:targetSdkVersion
		INJECTED from src/main/AndroidManifest.xml
		INJECTED from src/main/AndroidManifest.xml
	android:minSdkVersion
		INJECTED from src/main/AndroidManifest.xml
		INJECTED from src/main/AndroidManifest.xml